[
  {
    "line": 2,
    "elements": [
      {
        "start_timestamp": "2024-01-27T12:35:36.569Z",
        "line": 4,
        "name": "To click women button",
        "description": "",
        "id": "limeroad-order;to-click-women-button",
        "type": "scenario",
        "keyword": "Scenario",
        "steps": [
          {
            "result": {
              "duration": 602231500,
              "status": "passed"
            },
            "line": 6,
            "name": "User launch the Url \"https://www.limeroad.com/\"",
            "match": {
              "arguments": [
                {
                  "val": "\"https://www.limeroad.com/\"",
                  "offset": 20
                }
              ],
              "location": "com.step.step_definition.user_launch_the_url(java.lang.String)"
            },
            "keyword": "When "
          },
          {
            "result": {
              "duration": 6998500,
              "status": "passed"
            },
            "line": 7,
            "name": "User clicks the women button",
            "match": {
              "location": "com.step.step_definition.user_clicks_the_women_button()"
            },
            "keyword": "And "
          }
        ],
        "tags": [
          {
            "name": "@Regression"
          }
        ]
      },
      {
        "start_timestamp": "2024-01-27T12:35:37.326Z",
        "line": 9,
        "name": "To mousehover women option and select Jean",
        "description": "",
        "id": "limeroad-order;to-mousehover-women-option-and-select-jean",
        "type": "scenario",
        "keyword": "Scenario",
        "steps": [
          {
            "result": {
              "duration": 632594400,
              "status": "passed"
            },
            "line": 11,
            "name": "To navigate to womencategory section",
            "match": {
              "location": "com.step.step_definition.to_navigate_to_womencategory_section()"
            },
            "keyword": "Given "
          },
          {
            "result": {
              "duration": 2640968000,
              "status": "passed"
            },
            "line": 12,
            "name": "User select women jeanandjeggings options",
            "match": {
              "location": "com.step.step_definition.user_select_women_jeanandjeggings_options()"
            },
            "keyword": "When "
          },
          {
            "result": {
              "duration": 2161329700,
              "status": "passed"
            },
            "line": 13,
            "name": "Select jean",
            "match": {
              "location": "com.step.step_definition.select_jean()"
            },
            "keyword": "And "
          }
        ],
        "tags": [
          {
            "name": "@Regression"
          }
        ]
      },
      {
        "start_timestamp": "2024-01-27T12:35:42.774Z",
        "line": 16,
        "name": "choosing size and adding to cart",
        "description": "",
        "id": "limeroad-order;choosing-size-and-adding-to-cart",
        "type": "scenario",
        "keyword": "Scenario",
        "steps": [
          {
            "result": {
              "error_message": "org.openqa.selenium.NoSuchElementException: no such element: Unable to locate element: {\"method\":\"xpath\",\"selector\":\"//span[text() \u003d\u0027 36 \u0027]\"}\n  (Session info: chrome\u003d120.0.6099.225)\nFor documentation on this error, please visit: https://www.seleniumhq.org/exceptions/no_such_element.html\nBuild info: version: \u00273.141.59\u0027, revision: \u0027e82be7d358\u0027, time: \u00272018-11-14T08:17:03\u0027\nSystem info: host: \u0027LAPTOP-FI4TLSJP\u0027, ip: \u0027192.168.0.114\u0027, os.name: \u0027Windows 11\u0027, os.arch: \u0027amd64\u0027, os.version: \u002710.0\u0027, java.version: \u002717.0.8.1\u0027\nDriver info: org.openqa.selenium.chrome.ChromeDriver\nCapabilities {acceptInsecureCerts: false, browserName: chrome, browserVersion: 120.0.6099.225, chrome: {chromedriverVersion: 120.0.6099.109 (3419140ab66..., userDataDir: C:\\Users\\YAMINI~1\\AppData\\L...}, fedcm:accounts: true, goog:chromeOptions: {debuggerAddress: localhost:49552}, javascriptEnabled: true, networkConnectionEnabled: false, pageLoadStrategy: normal, platform: WINDOWS, platformName: WINDOWS, proxy: Proxy(), setWindowRect: true, strictFileInteractability: false, timeouts: {implicit: 0, pageLoad: 300000, script: 30000}, unhandledPromptBehavior: dismiss and notify, webauthn:extension:credBlob: true, webauthn:extension:largeBlob: true, webauthn:extension:minPinLength: true, webauthn:extension:prf: true, webauthn:virtualAuthenticators: true}\nSession ID: ec712c8aec68eb5d47e7d9a3c7a52307\n*** Element info: {Using\u003dxpath, value\u003d//span[text() \u003d\u0027 36 \u0027]}\r\n\tat java.base/jdk.internal.reflect.NativeConstructorAccessorImpl.newInstance0(Native Method)\r\n\tat java.base/jdk.internal.reflect.NativeConstructorAccessorImpl.newInstance(NativeConstructorAccessorImpl.java:77)\r\n\tat java.base/jdk.internal.reflect.DelegatingConstructorAccessorImpl.newInstance(DelegatingConstructorAccessorImpl.java:45)\r\n\tat java.base/java.lang.reflect.Constructor.newInstanceWithCaller(Constructor.java:499)\r\n\tat java.base/java.lang.reflect.Constructor.newInstance(Constructor.java:480)\r\n\tat org.openqa.selenium.remote.http.W3CHttpResponseCodec.createException(W3CHttpResponseCodec.java:187)\r\n\tat org.openqa.selenium.remote.http.W3CHttpResponseCodec.decode(W3CHttpResponseCodec.java:122)\r\n\tat org.openqa.selenium.remote.http.W3CHttpResponseCodec.decode(W3CHttpResponseCodec.java:49)\r\n\tat org.openqa.selenium.remote.HttpCommandExecutor.execute(HttpCommandExecutor.java:158)\r\n\tat org.openqa.selenium.remote.service.DriverCommandExecutor.execute(DriverCommandExecutor.java:83)\r\n\tat org.openqa.selenium.remote.RemoteWebDriver.execute(RemoteWebDriver.java:552)\r\n\tat org.openqa.selenium.remote.RemoteWebDriver.findElement(RemoteWebDriver.java:323)\r\n\tat org.openqa.selenium.remote.RemoteWebDriver.findElementByXPath(RemoteWebDriver.java:428)\r\n\tat org.openqa.selenium.By$ByXPath.findElement(By.java:353)\r\n\tat org.openqa.selenium.remote.RemoteWebDriver.findElement(RemoteWebDriver.java:315)\r\n\tat org.openqa.selenium.support.pagefactory.DefaultElementLocator.findElement(DefaultElementLocator.java:69)\r\n\tat org.openqa.selenium.support.pagefactory.internal.LocatingElementHandler.invoke(LocatingElementHandler.java:38)\r\n\tat jdk.proxy2/jdk.proxy2.$Proxy20.click(Unknown Source)\r\n\tat com.Base.Base_Class.clickAnElement(Base_Class.java:71)\r\n\tat com.step.step_definition.user_select_specific_size(step_definition.java:58)\r\n\tat ✽.User select specific size(file:///C:/Users/Yamini%20Jagadeesan/eclipse-workspace/Maven_Cucumber/src/test/java/com/feature/lime.feature:19)\r\n",
              "duration": 2073154300,
              "status": "failed"
            },
            "line": 19,
            "name": "User select specific size",
            "match": {
              "location": "com.step.step_definition.user_select_specific_size()"
            },
            "keyword": "When "
          },
          {
            "result": {
              "duration": 2012200,
              "status": "skipped"
            },
            "line": 20,
            "name": "Adding jean to cart value",
            "match": {
              "location": "com.step.step_definition.adding_jean_to_cart_value()"
            },
            "keyword": "And "
          }
        ],
        "tags": [
          {
            "name": "@Regression"
          }
        ]
      },
      {
        "start_timestamp": "2024-01-27T12:35:44.893Z",
        "line": 22,
        "name": "Purchase item and enter personal details",
        "description": "",
        "id": "limeroad-order;purchase-item-and-enter-personal-details",
        "type": "scenario",
        "keyword": "Scenario",
        "steps": [
          {
            "result": {
              "error_message": "org.openqa.selenium.NoSuchElementException: no such element: Unable to locate element: {\"method\":\"xpath\",\"selector\":\"//a[text() \u003d \u0027BUY NOW\u0027]\"}\n  (Session info: chrome\u003d120.0.6099.225)\nFor documentation on this error, please visit: https://www.seleniumhq.org/exceptions/no_such_element.html\nBuild info: version: \u00273.141.59\u0027, revision: \u0027e82be7d358\u0027, time: \u00272018-11-14T08:17:03\u0027\nSystem info: host: \u0027LAPTOP-FI4TLSJP\u0027, ip: \u0027192.168.0.114\u0027, os.name: \u0027Windows 11\u0027, os.arch: \u0027amd64\u0027, os.version: \u002710.0\u0027, java.version: \u002717.0.8.1\u0027\nDriver info: org.openqa.selenium.chrome.ChromeDriver\nCapabilities {acceptInsecureCerts: false, browserName: chrome, browserVersion: 120.0.6099.225, chrome: {chromedriverVersion: 120.0.6099.109 (3419140ab66..., userDataDir: C:\\Users\\YAMINI~1\\AppData\\L...}, fedcm:accounts: true, goog:chromeOptions: {debuggerAddress: localhost:49552}, javascriptEnabled: true, networkConnectionEnabled: false, pageLoadStrategy: normal, platform: WINDOWS, platformName: WINDOWS, proxy: Proxy(), setWindowRect: true, strictFileInteractability: false, timeouts: {implicit: 0, pageLoad: 300000, script: 30000}, unhandledPromptBehavior: dismiss and notify, webauthn:extension:credBlob: true, webauthn:extension:largeBlob: true, webauthn:extension:minPinLength: true, webauthn:extension:prf: true, webauthn:virtualAuthenticators: true}\nSession ID: ec712c8aec68eb5d47e7d9a3c7a52307\n*** Element info: {Using\u003dxpath, value\u003d//a[text() \u003d \u0027BUY NOW\u0027]}\r\n\tat java.base/jdk.internal.reflect.NativeConstructorAccessorImpl.newInstance0(Native Method)\r\n\tat java.base/jdk.internal.reflect.NativeConstructorAccessorImpl.newInstance(NativeConstructorAccessorImpl.java:77)\r\n\tat java.base/jdk.internal.reflect.DelegatingConstructorAccessorImpl.newInstance(DelegatingConstructorAccessorImpl.java:45)\r\n\tat java.base/java.lang.reflect.Constructor.newInstanceWithCaller(Constructor.java:499)\r\n\tat java.base/java.lang.reflect.Constructor.newInstance(Constructor.java:480)\r\n\tat org.openqa.selenium.remote.http.W3CHttpResponseCodec.createException(W3CHttpResponseCodec.java:187)\r\n\tat org.openqa.selenium.remote.http.W3CHttpResponseCodec.decode(W3CHttpResponseCodec.java:122)\r\n\tat org.openqa.selenium.remote.http.W3CHttpResponseCodec.decode(W3CHttpResponseCodec.java:49)\r\n\tat org.openqa.selenium.remote.HttpCommandExecutor.execute(HttpCommandExecutor.java:158)\r\n\tat org.openqa.selenium.remote.service.DriverCommandExecutor.execute(DriverCommandExecutor.java:83)\r\n\tat org.openqa.selenium.remote.RemoteWebDriver.execute(RemoteWebDriver.java:552)\r\n\tat org.openqa.selenium.remote.RemoteWebDriver.findElement(RemoteWebDriver.java:323)\r\n\tat org.openqa.selenium.remote.RemoteWebDriver.findElementByXPath(RemoteWebDriver.java:428)\r\n\tat org.openqa.selenium.By$ByXPath.findElement(By.java:353)\r\n\tat org.openqa.selenium.remote.RemoteWebDriver.findElement(RemoteWebDriver.java:315)\r\n\tat org.openqa.selenium.support.pagefactory.DefaultElementLocator.findElement(DefaultElementLocator.java:69)\r\n\tat org.openqa.selenium.support.pagefactory.internal.LocatingElementHandler.invoke(LocatingElementHandler.java:38)\r\n\tat jdk.proxy2/jdk.proxy2.$Proxy20.click(Unknown Source)\r\n\tat com.Base.Base_Class.clickAnElement(Base_Class.java:71)\r\n\tat com.step.step_definition.user_clicks_buy_now_for_purchasing(step_definition.java:71)\r\n\tat ✽.User clicks buy now for purchasing(file:///C:/Users/Yamini%20Jagadeesan/eclipse-workspace/Maven_Cucumber/src/test/java/com/feature/lime.feature:24)\r\n",
              "duration": 2041148300,
              "status": "failed"
            },
            "line": 24,
            "name": "User clicks buy now for purchasing",
            "match": {
              "location": "com.step.step_definition.user_clicks_buy_now_for_purchasing()"
            },
            "keyword": "Given "
          },
          {
            "result": {
              "status": "skipped"
            },
            "line": 25,
            "name": "User enters mobile number for otp verification",
            "match": {
              "location": "com.step.step_definition.user_enters_mobile_number_for_otp_verification()"
            },
            "keyword": "When "
          },
          {
            "result": {
              "duration": 1000100,
              "status": "skipped"
            },
            "line": 26,
            "name": "User clicks get otp option",
            "match": {
              "location": "com.step.step_definition.user_clicks_get_otp_option()"
            },
            "keyword": "And "
          }
        ],
        "tags": [
          {
            "name": "@Regression"
          }
        ]
      },
      {
        "start_timestamp": "2024-01-27T12:35:46.956Z",
        "line": 29,
        "name": "Personal details updation and payment",
        "description": "",
        "id": "limeroad-order;personal-details-updation-and-payment",
        "type": "scenario",
        "keyword": "Scenario",
        "steps": [
          {
            "result": {
              "duration": 2023100,
              "status": "passed"
            },
            "line": 31,
            "name": "User enters all personal details",
            "match": {
              "location": "com.step.step_definition.user_enters_all_personal_details()"
            },
            "keyword": "Given "
          },
          {
            "result": {
              "duration": 1071000,
              "status": "passed"
            },
            "line": 32,
            "name": "User clicks confirm order for order placing",
            "match": {
              "location": "com.step.step_definition.user_clicks_confirm_order_for_order_placing()"
            },
            "keyword": "When "
          }
        ],
        "tags": [
          {
            "name": "@Regression"
          }
        ]
      }
    ],
    "name": "LimeRoad order",
    "description": "",
    "id": "limeroad-order",
    "keyword": "Feature",
    "uri": "file:src/test/java/com/feature/lime.feature",
    "tags": [
      {
        "name": "@Regression",
        "type": "Tag",
        "location": {
          "line": 1,
          "column": 1
        }
      }
    ]
  }
]